Tue Jul 11 2017 GET /about
Tue Jul 11 2017 GET /
Tue Jul 11 2017 GET /
Tue Jul 11 2017 GET /
Tue Jul 11 2017 GET /
Tue Jul 11 2017 GET /about.hbs
Tue Jul 11 2017 GET /about.hbs
Tue Jul 11 2017 GET /
Tue Jul 11 2017 GET /about.hbs
Tue Jul 11 2017 GET /about
Tue Jul 11 2017 GET /portfolio
Tue Jul 11 2017 GET /portfolio
Tue Jul 11 2017 GET /about.hbs
Tue Jul 11 2017 GET /about
Tue Jul 11 2017 GET /portfolio.hbs
Tue Jul 11 2017 GET /portfolio
Tue Jul 11 2017 GET /portfolio
Tue Jul 11 2017 GET /about
Tue Jul 11 2017 GET /home
Tue Jul 11 2017 GET /home
Tue Jul 11 2017 GET /home
Tue Jul 11 2017 GET /
Tue Jul 11 2017 GET /about
Tue Jul 11 2017 GET /portfolio
Tue Jul 11 2017 GET /about
Tue Jul 11 2017 GET /home
Tue Jul 11 2017 GET /
Tue Jul 11 2017 GET /about
Tue Jul 11 2017 GET /
Tue Jul 11 2017 GET /portfolio
Tue Jul 11 2017 GET /
